<?xml version="1.0" encoding="UTF-8"?>
<testsuite xmlns:xsi="http://www.w3.org/2001/XMLSchema-instance" xsi:noNamespaceSchemaLocation="https://maven.apache.org/surefire/maven-surefire-plugin/xsd/surefire-test-report.xsd" name="br.com.inter.testejava.TesteJavaApplicationTests" time="5.997" tests="12" errors="0" skipped="0" failures="0">
  <properties>
[...]
</properties>
  <testcase name="testDigitoUnico" classname="br.com.inter.testejava.TesteJavaApplicationTests" time="0.057"/>
  <testcase name="testCache" classname="br.com.inter.testejava.TesteJavaApplicationTests" time="0.006"/>
  <testcase name="testGetAllUsuarios" classname="br.com.inter.testejava.TesteJavaApplicationTests" time="0.155"/>
  <testcase name="testAddChavePublica" classname="br.com.inter.testejava.TesteJavaApplicationTests" time="0.201"/>
  <testcase name="testGetUsuarioById" classname="br.com.inter.testejava.TesteJavaApplicationTests" time="0.031"/>
  <testcase name="testGetUsuarioDigitosById" classname="br.com.inter.testejava.TesteJavaApplicationTests" time="0.004"/>
  <testcase name="testCreateUsuario" classname="br.com.inter.testejava.TesteJavaApplicationTests" time="0.005"/>
  <testcase name="testUpdateUsuario" classname="br.com.inter.testejava.TesteJavaApplicationTests" time="0.008"/>
  <testcase name="testCalculoDigito" classname="br.com.inter.testejava.TesteJavaApplicationTests" time="0.013"/>
  <testcase name="testDeleteUsuario" classname="br.com.inter.testejava.TesteJavaApplicationTests" time="0.01"/>
  <testcase name="testDeleteAllUsuarios" classname="br.com.inter.testejava.TesteJavaApplicationTests" time="0.009"/>
  <testcase name="testCriptografia" classname="br.com.inter.testejava.TesteJavaApplicationTests" time="0.013"/>
</testsuite>